<?xml version="1.0" encoding="UTF-8"?>
<testng-results ignored="0" total="2" passed="2" failed="0" skipped="0">
  <reporter-output>
  </reporter-output>
  <suite started-at="2023-03-15T14:34:53 IST" name="Default suite" finished-at="2023-03-15T14:35:28 IST" duration-ms="34603">
    <groups>
    </groups>
    <test started-at="2023-03-15T14:34:53 IST" name="Default test" finished-at="2023-03-15T14:35:28 IST" duration-ms="34603">
      <class name="Testing.YoutubeTesting">
        <test-method is-config="true" signature="beforeclass()[pri:0, instance:Testing.YoutubeTesting@74751b3]" started-at="2023-03-15T14:34:53 IST" name="beforeclass" finished-at="2023-03-15T14:35:05 IST" duration-ms="11653" status="PASS">
          <reporter-output>
          </reporter-output>
        </test-method> <!-- beforeclass -->
        <test-method is-config="true" signature="beforemethod()[pri:0, instance:Testing.YoutubeTesting@74751b3]" started-at="2023-03-15T14:35:05 IST" name="beforemethod" finished-at="2023-03-15T14:35:14 IST" duration-ms="9006" status="PASS">
          <reporter-output>
          </reporter-output>
        </test-method> <!-- beforemethod -->
        <test-method signature="to_verify_play_reels()[pri:0, instance:Testing.YoutubeTesting@74751b3]" started-at="2023-03-15T14:35:14 IST" name="to_verify_play_reels" finished-at="2023-03-15T14:35:14 IST" duration-ms="766" status="PASS">
          <reporter-output>
          </reporter-output>
        </test-method> <!-- to_verify_play_reels -->
        <test-method is-config="true" signature="aftermethod()[pri:0, instance:Testing.YoutubeTesting@74751b3]" started-at="2023-03-15T14:35:14 IST" name="aftermethod" finished-at="2023-03-15T14:35:15 IST" duration-ms="251" status="PASS">
          <reporter-output>
          </reporter-output>
        </test-method> <!-- aftermethod -->
        <test-method is-config="true" signature="beforemethod()[pri:0, instance:Testing.YoutubeTesting@74751b3]" started-at="2023-03-15T14:35:15 IST" name="beforemethod" finished-at="2023-03-15T14:35:19 IST" duration-ms="4578" status="PASS">
          <reporter-output>
          </reporter-output>
        </test-method> <!-- beforemethod -->
        <test-method signature="to_verify_search_tab()[pri:0, instance:Testing.YoutubeTesting@74751b3]" started-at="2023-03-15T14:35:19 IST" name="to_verify_search_tab" finished-at="2023-03-15T14:35:25 IST" duration-ms="5466" status="PASS">
          <reporter-output>
          </reporter-output>
        </test-method> <!-- to_verify_search_tab -->
        <test-method is-config="true" signature="aftermethod()[pri:0, instance:Testing.YoutubeTesting@74751b3]" started-at="2023-03-15T14:35:25 IST" name="aftermethod" finished-at="2023-03-15T14:35:27 IST" duration-ms="1860" status="PASS">
          <reporter-output>
          </reporter-output>
        </test-method> <!-- aftermethod -->
        <test-method is-config="true" signature="afterclass()[pri:0, instance:Testing.YoutubeTesting@74751b3]" started-at="2023-03-15T14:35:27 IST" name="afterclass" finished-at="2023-03-15T14:35:28 IST" duration-ms="953" status="PASS">
          <reporter-output>
          </reporter-output>
        </test-method> <!-- afterclass -->
      </class> <!-- Testing.YoutubeTesting -->
    </test> <!-- Default test -->
  </suite> <!-- Default suite -->
</testng-results>
